<?xml version="1.0" encoding="UTF-8"?>
<testng-results ignored="0" total="3" passed="3" failed="0" skipped="0">
  <reporter-output>
  </reporter-output>
  <suite started-at="2022-04-30T23:11:43 IST" name="Default suite" finished-at="2022-04-30T23:11:44 IST" duration-ms="70">
    <groups>
    </groups>
    <test started-at="2022-04-30T23:11:43 IST" name="Default test" finished-at="2022-04-30T23:11:44 IST" duration-ms="70">
      <class name="Firsttestngpackage.example2">
        <test-method signature="login()[pri:1, instance:Firsttestngpackage.example2@2525ff7e]" started-at="2022-04-30T23:11:43 IST" name="login" finished-at="2022-04-30T23:11:43 IST" duration-ms="9" status="PASS">
          <reporter-output>
          </reporter-output>
        </test-method> <!-- login -->
        <test-method signature="sendEmail()[pri:2, instance:Firsttestngpackage.example2@2525ff7e]" started-at="2022-04-30T23:11:43 IST" name="sendEmail" finished-at="2022-04-30T23:11:43 IST" duration-ms="2" status="PASS">
          <reporter-output>
          </reporter-output>
        </test-method> <!-- sendEmail -->
        <test-method signature="logout()[pri:3, instance:Firsttestngpackage.example2@2525ff7e]" started-at="2022-04-30T23:11:43 IST" name="logout" finished-at="2022-04-30T23:11:44 IST" duration-ms="3" status="PASS">
          <reporter-output>
          </reporter-output>
        </test-method> <!-- logout -->
      </class> <!-- Firsttestngpackage.example2 -->
    </test> <!-- Default test -->
  </suite> <!-- Default suite -->
</testng-results>
