<?xml version="1.0" encoding="UTF-8"?>
<!-- Generated by org.testng.reporters.JUnitXMLReporter -->
<testsuite ignored="0" hostname="DESKTOP-F7UQDLL" failures="0" tests="3" name="Default test" time="0.07" errors="0" timestamp="2022-04-30T23:11:44 IST">
  <testcase classname="Firsttestngpackage.example2" name="login" time="0.009"/>
  <testcase classname="Firsttestngpackage.example2" name="sendEmail" time="0.002"/>
  <testcase classname="Firsttestngpackage.example2" name="logout" time="0.003"/>
</testsuite> <!-- Default test -->
